<?xml version="1.0" encoding="UTF-8"?>
<!-- Generated by org.testng.reporters.JUnitReportReporter -->
<testsuite hostname="DESKTOP-1ILCF35" failures="0" tests="3" name="testngconcepts.PriorityTestNGDemo" time="0.115" errors="0" timestamp="2024-04-18T15:12:31 IST" skipped="0">
  <testcase classname="testngconcepts.PriorityTestNGDemo" name="Signup" time="0.086"/>
  <system-out/>
  <testcase classname="testngconcepts.PriorityTestNGDemo" name="VerifyLogin" time="0.013"/>
  <system-out/>
  <testcase classname="testngconcepts.PriorityTestNGDemo" name="LogOut" time="0.016"/>
  <system-out/>
</testsuite> <!-- testngconcepts.PriorityTestNGDemo -->
