<?xml version="1.0" encoding="UTF-8"?>
<!-- Generated by org.testng.reporters.JUnitReportReporter -->
<testsuite hostname="DESKTOP-1ILCF35" failures="0" tests="2" name="testngconcepts.Demo1" time="0.072" errors="0" timestamp="2024-04-18T14:57:23 IST" skipped="0">
  <testcase classname="testngconcepts.Demo1" name="test1" time="0.050"/>
  <system-out/>
  <testcase classname="testngconcepts.Demo1" name="test2" time="0.022"/>
  <system-out/>
</testsuite> <!-- testngconcepts.Demo1 -->
