<?xml version="1.0" encoding="UTF-8"?>
<!-- Generated by org.testng.reporters.JUnitReportReporter -->
<testsuite hostname="DESKTOP-1ILCF35" failures="0" tests="2" name="testngconcepts.Demo2" time="0.019" errors="0" timestamp="2024-04-18T14:57:23 IST" skipped="0">
  <testcase classname="testngconcepts.Demo2" name="test2" time="0.011"/>
  <system-out/>
  <testcase classname="testngconcepts.Demo2" name="test1" time="0.008"/>
  <system-out/>
</testsuite> <!-- testngconcepts.Demo2 -->
