<?xml version="1.0" encoding="UTF-8"?>
<!-- Generated by org.testng.reporters.JUnitReportReporter -->
<testsuite hostname="DESKTOP-1ILCF35" failures="0" tests="1" name="testcases.VerifyLoginTest" time="19.141" errors="0" timestamp="2024-05-01T22:24:45 IST" skipped="0">
  <testcase classname="testcases.VerifyLoginTest" name="VerifyLogInWithValidData" time="19.141"/>
  <system-out/>
</testsuite> <!-- testcases.VerifyLoginTest -->
